<?xml version="1.0" encoding="UTF-8"?>
<testng-results skipped="0" failed="0" total="1" passed="1">
  <reporter-output>
  </reporter-output>
  <suite name="com.qa.Test.LoginTest" duration-ms="3037" started-at="2019-02-04T08:04:02Z" finished-at="2019-02-04T08:04:05Z">
    <groups>
    </groups>
    <test name="Command line test" duration-ms="3037" started-at="2019-02-04T08:04:02Z" finished-at="2019-02-04T08:04:05Z">
      <class name="com.qa.Test.LoginTest">
        <test-method status="PASS" signature="browserInitialization()[pri:0, instance:com.qa.Test.LoginTest@3d8c7aca]" name="browserInitialization" is-config="true" duration-ms="10061" started-at="2019-02-04T13:33:52Z" finished-at="2019-02-04T13:34:02Z">
          <reporter-output>
          </reporter-output>
        </test-method> <!-- browserInitialization -->
        <test-method status="PASS" signature="loginPageTitle()[pri:1, instance:com.qa.Test.LoginTest@3d8c7aca]" name="loginPageTitle" duration-ms="3020" started-at="2019-02-04T13:34:02Z" finished-at="2019-02-04T13:34:05Z">
          <reporter-output>
          </reporter-output>
        </test-method> <!-- loginPageTitle -->
        <test-method status="PASS" signature="tearDown()[pri:0, instance:com.qa.Test.LoginTest@3d8c7aca]" name="tearDown" is-config="true" duration-ms="767" started-at="2019-02-04T13:34:05Z" finished-at="2019-02-04T13:34:06Z">
          <reporter-output>
          </reporter-output>
        </test-method> <!-- tearDown -->
      </class> <!-- com.qa.Test.LoginTest -->
    </test> <!-- Command line test -->
  </suite> <!-- com.qa.Test.LoginTest -->
</testng-results>
